<?xml version="1.0" encoding="UTF-8"?>
<testng-results ignored="0" total="1" passed="1" failed="0" skipped="0">
  <reporter-output>
  </reporter-output>
  <suite started-at="2023-10-30T19:01:51 IST" name="Default suite" finished-at="2023-10-30T19:02:01 IST" duration-ms="9462">
    <groups>
    </groups>
    <test started-at="2023-10-30T19:01:51 IST" name="Default test" finished-at="2023-10-30T19:02:01 IST" duration-ms="9462">
      <class name="POM.Runner">
        <test-method is-config="true" signature="bt()[pri:0, instance:POM.Runner@c8c12ac]" started-at="2023-10-30T19:01:51 IST" name="bt" finished-at="2023-10-30T19:01:59 IST" duration-ms="7556" status="PASS">
          <reporter-output>
          </reporter-output>
        </test-method> <!-- bt -->
        <test-method signature="tc01()[pri:0, instance:POM.Runner@c8c12ac]" started-at="2023-10-30T19:01:59 IST" name="tc01" finished-at="2023-10-30T19:02:00 IST" duration-ms="1039" status="PASS">
          <reporter-output>
          </reporter-output>
        </test-method> <!-- tc01 -->
        <test-method is-config="true" signature="at()[pri:0, instance:POM.Runner@c8c12ac]" started-at="2023-10-30T19:02:00 IST" name="at" finished-at="2023-10-30T19:02:01 IST" duration-ms="667" status="PASS">
          <reporter-output>
          </reporter-output>
        </test-method> <!-- at -->
      </class> <!-- POM.Runner -->
    </test> <!-- Default test -->
  </suite> <!-- Default suite -->
</testng-results>
